<?xml version="1.0" encoding="UTF-8"?>
<testsuite xmlns:xsi="http://www.w3.org/2001/XMLSchema-instance" xsi:noNamespaceSchemaLocation="https://maven.apache.org/surefire/maven-surefire-plugin/xsd/surefire-test-report-3.0.xsd" version="3.0" name="com.websocket.chat.ChatApplicationTests" time="1.123" tests="1" errors="0" skipped="0" failures="0">
  <properties>
[...]
</properties>
  <testcase name="contextLoads" classname="com.websocket.chat.ChatApplicationTests" time="0.425">
    <system-out><![CDATA[12:06:54.871 [main] INFO org.springframework.test.context.support.AnnotationConfigContextLoaderUtils -- Could not detect default configuration classes for test class [com.websocket.chat.ChatApplicationTests]: ChatApplicationTests does not declare any static, non-private, non-final, nested classes annotated with @Configuration.
12:06:54.911 [main] INFO org.springframework.boot.test.context.SpringBootTestContextBootstrapper -- Found @SpringBootConfiguration com.websocket.chat.ChatApplication for test class com.websocket.chat.ChatApplicationTests

  .   ____          _            __ _ _
 /\\ / ___'_ __ _ _(_)_ __  __ _ \ \ \ \
( ( )\___ | '_ | '_| | '_ \/ _` | \ \ \ \
 \\/  ___)| |_)| | | | | || (_| |  ) ) ) )
  '  |____| .__|_| |_|_| |_\__, | / / / /
 =========|_|==============|___/=/_/_/_/
 :: Spring Boot ::                (v3.2.2)

2024-02-22T12:06:55.048+05:30  INFO 1275 --- [           main] c.websocket.chat.ChatApplicationTests    : Starting ChatApplicationTests using Java 17.0.9 with PID 1275 (started by rohan in /Users/rohan/projects/demo/chat-app/chat-app-java)
2024-02-22T12:06:55.048+05:30  INFO 1275 --- [           main] c.websocket.chat.ChatApplicationTests    : No active profile set, falling back to 1 default profile: "default"
2024-02-22T12:06:55.426+05:30  INFO 1275 --- [           main] o.s.b.a.w.s.WelcomePageHandlerMapping    : Adding welcome page: class path resource [static/index.html]
2024-02-22T12:06:55.480+05:30  INFO 1275 --- [           main] o.s.m.s.b.SimpleBrokerMessageHandler     : Starting...
2024-02-22T12:06:55.481+05:30  INFO 1275 --- [           main] o.s.m.s.b.SimpleBrokerMessageHandler     : BrokerAvailabilityEvent[available=true, SimpleBrokerMessageHandler [org.springframework.messaging.simp.broker.DefaultSubscriptionRegistry@467b0f6e]]
2024-02-22T12:06:55.481+05:30  INFO 1275 --- [           main] o.s.m.s.b.SimpleBrokerMessageHandler     : Started.
2024-02-22T12:06:55.484+05:30  INFO 1275 --- [           main] c.websocket.chat.ChatApplicationTests    : Started ChatApplicationTests in 0.522 seconds (process running for 0.924)
]]></system-out>
  </testcase>
</testsuite>